#-----------------------------------------------------------
# Vivado v2023.2 (64-bit)
# SW Build 4029153 on Fri Oct 13 20:14:34 MDT 2023
# IP Build 4028589 on Sat Oct 14 00:45:43 MDT 2023
# SharedData Build 4025554 on Tue Oct 10 17:18:54 MDT 2023
# Start of session at: Wed May  6 15:14:07 2026
# Process ID: 21336
# Current directory: C:/Users/LABO01/PYNQ/Ibrahima_1/Vitis/acqDMA/acq_stsa_V2/acq_stsa_V2/hls/impl/ip
# Command line: vivado.exe -notrace -mode batch -source run_ippack.tcl
# Log file: C:/Users/LABO01/PYNQ/Ibrahima_1/Vitis/acqDMA/acq_stsa_V2/acq_stsa_V2/hls/impl/ip/vivado.log
# Journal file: C:/Users/LABO01/PYNQ/Ibrahima_1/Vitis/acqDMA/acq_stsa_V2/acq_stsa_V2/hls/impl/ip\vivado.jou
# Running On: RESEARCHER02, OS: Windows, CPU Frequency: 2196 MHz, CPU Physical cores: 8, Host memory: 16854 MB
#-----------------------------------------------------------
source run_ippack.tcl -notrace
ipx::create_core: Time (s): cpu = 00:00:19 ; elapsed = 00:00:27 . Memory (MB): peak = 468.188 ; gain = 176.090
INFO: [IP_Flow 19-234] Refreshing IP repositories
INFO: [IP_Flow 19-1704] No user IP repositories specified
INFO: [IP_Flow 19-2313] Loaded Vivado IP repository 'C:/Xilinx/Vivado/2023.2/data/ip'.
ipx::archive_core: Time (s): cpu = 00:00:00 ; elapsed = 00:00:05 . Memory (MB): peak = 472.164 ; gain = 0.000
INFO: [Common 17-206] Exiting Vivado at Wed May  6 15:15:06 2026...
